2020-09-09 16:08:53,442 - readExcel - INFO : 打开文件:D:\PychramProject\ONEIN\test_case_data\testCase.xlsx成功！
2020-09-09 16:08:53,444 - TestBase - INFO : 测试用例[ 1.0登录运营平台 ]开始执行
2020-09-09 16:08:53,448 - readConfig - INFO : 打开文件:D:\PychramProject\ONEIN\config\config.ini成功！
2020-09-09 16:08:53,448 - sendRequest - INFO : 请求头信息保持不变，目前请求头信息为：{'Accept': 'application/json, text/plain, */*', 'Accept-Encoding': 'gzip, deflate, br', 'Content-Type': 'application/json', 'User-Agent': 'Mozilla/5.0 (Windows NT 10.0; Win64; x64) AppleWebKit/537.36 (KHTML, like Gecko) Chrome/84.0.4147.135 Safari/537.36 '}
2020-09-09 16:08:53,449 - sendRequest - INFO : 请求方式为：POST
请求地址为：https://operation-api.a.onein.cn/api/clientlogin?
请求参数为：{"userName":"18627598991","password":"123456","rememberMe":False,"returnUrl":""}
2020-09-09 16:08:53,676 - TestBase - INFO : 测试用例[ 2.0登录运营平台，搜索指定应用 ]开始执行
2020-09-09 16:08:53,683 - readConfig - INFO : 打开文件:D:\PychramProject\ONEIN\config\config.ini成功！
2020-09-09 16:08:53,683 - sendRequest - INFO : 请求头信息保持不变，目前请求头信息为：{'Accept': 'application/json, text/plain, */*', 'Accept-Encoding': 'gzip, deflate, br', 'Content-Type': 'application/json', 'User-Agent': 'Mozilla/5.0 (Windows NT 10.0; Win64; x64) AppleWebKit/537.36 (KHTML, like Gecko) Chrome/84.0.4147.135 Safari/537.36 '}
2020-09-09 16:08:53,684 - sendRequest - INFO : 请求方式为：POST
请求地址为：https://operation-api.a.onein.cn/api/clientlogin?
请求参数为：{"userName":"18627598991","password":"123456","rememberMe":False,"returnUrl":""}
2020-09-09 16:08:53,866 - readConfig - INFO : 打开文件:D:\PychramProject\ONEIN\config\config.ini成功！
2020-09-09 16:08:53,866 - sendRequest - INFO : 请求头信息更新，目前请求头信息为：{'Accept': 'application/json, text/plain, */*', 'Accept-Encoding': 'gzip, deflate, br', 'Content-Type': 'application/json', 'User-Agent': 'Mozilla/5.0 (Windows NT 10.0; Win64; x64) AppleWebKit/537.36 (KHTML, like Gecko) Chrome/84.0.4147.135 Safari/537.36 ', 'authorization': 'Bearer eyJ0eXAiOiJKV1QiLCJhbGciOiJIUzI1NiJ9.eyJleHAiOjE1OTk2NDI1MzQsImRhdGEiOnsiSWQiOiIyYmViYTBiZi00NWM1LTQyNDAtOTQ1ZS0wZGEwNzA0M2Y5OTkiLCJVc2VyTmFtZSI6IjE4NjI3NTk4OTkxIiwiRW1haWwiOm51bGwsIk5hbWUiOiLlkajllK_mnbAiLCJQaG9uZU51bWJlciI6IjE4NjI3NTk4OTkxIiwiQ3JlYXRlVGltZSI6IjIwMjAtMDctMDdUMDc6MDQ6NDAuMzI0KzAwOjAwIiwiQ3JlYXRvciI6IuadqOWogSIsIklzRW5hYmxlIjp0cnVlLCJFbnRlcnByaXNlSWQiOiI1ZGVkOTBiYS00NDZjLTRjM2YtOTU0My05ZGQyNzNlYTRiYjIiLCJEZXBhcnRtZW50SWQiOiI4Y2YxZWIxNC01ZDg1LTQyNWYtYjgwMi1lZjliMDllYzc0NjIiLCJEZXBhcnRtZW50TmFtZSI6IueglOWPkemDqCIsIlJvbGVzIjpbIjZkOWJlZGI2LTIwMjgtNDYzZS05Yzc1LTI5YTYyOTE4ODU3OSIsImY1MTYyYjMyLWIwODMtNDJjYi1hNTU5LTJjMjk3MmI2YjM3YSJdLCJSb2xlc05hbWUiOlsiY2VzICIsIueuoeeQhuWRmCJdLCJQZXJtaXNzaW9ucyI6W10sIkRhdGFQZXJtaXNzaW9ucyI6W10sIk1lbnVzIjpbXSwiQWNjb3VudFR5cGUiOjIsImVmZmVjdGl2ZWRhdGUiOlsiMjAyMC0wOC0xN1QxNDo0ODowOS45MzYrMDA6MDAiLCIyMTIwLTA4LTE3VDE0OjQ4OjA5LjkzNiswMDowMCJdfX0.j8iIwHZCTyd88I6_DkFq8lX9xjz_bny0ie9j22VoIN4'}
2020-09-09 16:08:53,867 - sendRequest - INFO : 请求方式为：GET
请求地址为：https://operation-api.a.onein.cn/operation/getapplist/1/10?{"appIdOrName": "测试测试","isDeleted": "-1"}
请求参数为：
2020-09-09 16:08:54,128 - TestBase - INFO : 测试用例[ 3.0登录运营平台后免登指定应用 ]开始执行
2020-09-09 16:08:54,132 - readConfig - INFO : 打开文件:D:\PychramProject\ONEIN\config\config.ini成功！
2020-09-09 16:08:54,133 - sendRequest - INFO : 请求头信息保持不变，目前请求头信息为：{'Accept': 'application/json, text/plain, */*', 'Accept-Encoding': 'gzip, deflate, br', 'Content-Type': 'application/json', 'User-Agent': 'Mozilla/5.0 (Windows NT 10.0; Win64; x64) AppleWebKit/537.36 (KHTML, like Gecko) Chrome/84.0.4147.135 Safari/537.36 '}
2020-09-09 16:08:54,134 - sendRequest - INFO : 请求方式为：POST
请求地址为：https://operation-api.a.onein.cn/api/clientlogin?
请求参数为：{"userName":"18627598991","password":"123456","rememberMe":False,"returnUrl":""}
2020-09-09 16:08:54,341 - readConfig - INFO : 打开文件:D:\PychramProject\ONEIN\config\config.ini成功！
2020-09-09 16:08:54,341 - sendRequest - INFO : 请求头信息更新，目前请求头信息为：{'Accept': 'application/json, text/plain, */*', 'Accept-Encoding': 'gzip, deflate, br', 'Content-Type': 'application/json', 'User-Agent': 'Mozilla/5.0 (Windows NT 10.0; Win64; x64) AppleWebKit/537.36 (KHTML, like Gecko) Chrome/84.0.4147.135 Safari/537.36 ', 'authorization': 'Bearer eyJ0eXAiOiJKV1QiLCJhbGciOiJIUzI1NiJ9.eyJleHAiOjE1OTk2NDI1MzQsImRhdGEiOnsiSWQiOiIyYmViYTBiZi00NWM1LTQyNDAtOTQ1ZS0wZGEwNzA0M2Y5OTkiLCJVc2VyTmFtZSI6IjE4NjI3NTk4OTkxIiwiRW1haWwiOm51bGwsIk5hbWUiOiLlkajllK_mnbAiLCJQaG9uZU51bWJlciI6IjE4NjI3NTk4OTkxIiwiQ3JlYXRlVGltZSI6IjIwMjAtMDctMDdUMDc6MDQ6NDAuMzI0KzAwOjAwIiwiQ3JlYXRvciI6IuadqOWogSIsIklzRW5hYmxlIjp0cnVlLCJFbnRlcnByaXNlSWQiOiI1ZGVkOTBiYS00NDZjLTRjM2YtOTU0My05ZGQyNzNlYTRiYjIiLCJEZXBhcnRtZW50SWQiOiI4Y2YxZWIxNC01ZDg1LTQyNWYtYjgwMi1lZjliMDllYzc0NjIiLCJEZXBhcnRtZW50TmFtZSI6IueglOWPkemDqCIsIlJvbGVzIjpbIjZkOWJlZGI2LTIwMjgtNDYzZS05Yzc1LTI5YTYyOTE4ODU3OSIsImY1MTYyYjMyLWIwODMtNDJjYi1hNTU5LTJjMjk3MmI2YjM3YSJdLCJSb2xlc05hbWUiOlsiY2VzICIsIueuoeeQhuWRmCJdLCJQZXJtaXNzaW9ucyI6W10sIkRhdGFQZXJtaXNzaW9ucyI6W10sIk1lbnVzIjpbXSwiQWNjb3VudFR5cGUiOjIsImVmZmVjdGl2ZWRhdGUiOlsiMjAyMC0wOC0xN1QxNDo0ODowOS45MzYrMDA6MDAiLCIyMTIwLTA4LTE3VDE0OjQ4OjA5LjkzNiswMDowMCJdfX0.j8iIwHZCTyd88I6_DkFq8lX9xjz_bny0ie9j22VoIN4'}
2020-09-09 16:08:54,344 - sendRequest - INFO : 请求方式为：GET
请求地址为：https://operation-api.a.onein.cn/operation/getapplist/1/10?{"appIdOrName": "测试测试","isDeleted": "-1"}
请求参数为：
2020-09-09 16:08:54,594 - readConfig - INFO : 打开文件:D:\PychramProject\ONEIN\config\config.ini成功！
2020-09-09 16:08:54,594 - sendRequest - INFO : 请求头信息更新，目前请求头信息为：{'Accept': 'application/json, text/plain, */*', 'Accept-Encoding': 'gzip, deflate, br', 'Content-Type': 'application/json', 'User-Agent': 'Mozilla/5.0 (Windows NT 10.0; Win64; x64) AppleWebKit/537.36 (KHTML, like Gecko) Chrome/84.0.4147.135 Safari/537.36 ', 'authorization': 'Bearer eyJ0eXAiOiJKV1QiLCJhbGciOiJIUzI1NiJ9.eyJleHAiOjE1OTk2NDI1MzQsImRhdGEiOnsiSWQiOiIyYmViYTBiZi00NWM1LTQyNDAtOTQ1ZS0wZGEwNzA0M2Y5OTkiLCJVc2VyTmFtZSI6IjE4NjI3NTk4OTkxIiwiRW1haWwiOm51bGwsIk5hbWUiOiLlkajllK_mnbAiLCJQaG9uZU51bWJlciI6IjE4NjI3NTk4OTkxIiwiQ3JlYXRlVGltZSI6IjIwMjAtMDctMDdUMDc6MDQ6NDAuMzI0KzAwOjAwIiwiQ3JlYXRvciI6IuadqOWogSIsIklzRW5hYmxlIjp0cnVlLCJFbnRlcnByaXNlSWQiOiI1ZGVkOTBiYS00NDZjLTRjM2YtOTU0My05ZGQyNzNlYTRiYjIiLCJEZXBhcnRtZW50SWQiOiI4Y2YxZWIxNC01ZDg1LTQyNWYtYjgwMi1lZjliMDllYzc0NjIiLCJEZXBhcnRtZW50TmFtZSI6IueglOWPkemDqCIsIlJvbGVzIjpbIjZkOWJlZGI2LTIwMjgtNDYzZS05Yzc1LTI5YTYyOTE4ODU3OSIsImY1MTYyYjMyLWIwODMtNDJjYi1hNTU5LTJjMjk3MmI2YjM3YSJdLCJSb2xlc05hbWUiOlsiY2VzICIsIueuoeeQhuWRmCJdLCJQZXJtaXNzaW9ucyI6W10sIkRhdGFQZXJtaXNzaW9ucyI6W10sIk1lbnVzIjpbXSwiQWNjb3VudFR5cGUiOjIsImVmZmVjdGl2ZWRhdGUiOlsiMjAyMC0wOC0xN1QxNDo0ODowOS45MzYrMDA6MDAiLCIyMTIwLTA4LTE3VDE0OjQ4OjA5LjkzNiswMDowMCJdfX0.j8iIwHZCTyd88I6_DkFq8lX9xjz_bny0ie9j22VoIN4'}
2020-09-09 16:08:54,596 - sendRequest - INFO : 请求方式为：GET
请求地址为：https://operation-api.a.onein.cn/operation/directlogin/015b4da9-d8c8-4370-b245-bb9fd7dfcb70?
请求参数为：
2020-09-09 16:08:54,802 - readConfig - INFO : 打开文件:D:\PychramProject\ONEIN\config\config.ini成功！
2020-09-09 16:08:54,802 - sendRequest - INFO : 请求头信息保持不变，目前请求头信息为：{'Accept': 'application/json, text/plain, */*', 'Accept-Encoding': 'gzip, deflate, br', 'Content-Type': 'application/json', 'User-Agent': 'Mozilla/5.0 (Windows NT 10.0; Win64; x64) AppleWebKit/537.36 (KHTML, like Gecko) Chrome/84.0.4147.135 Safari/537.36 ', 'authorization': 'Bearer eyJ0eXAiOiJKV1QiLCJhbGciOiJIUzI1NiJ9.eyJleHAiOjE1OTk2NDI1MzQsImRhdGEiOnsiSWQiOiIyYmViYTBiZi00NWM1LTQyNDAtOTQ1ZS0wZGEwNzA0M2Y5OTkiLCJVc2VyTmFtZSI6IjE4NjI3NTk4OTkxIiwiRW1haWwiOm51bGwsIk5hbWUiOiLlkajllK_mnbAiLCJQaG9uZU51bWJlciI6IjE4NjI3NTk4OTkxIiwiQ3JlYXRlVGltZSI6IjIwMjAtMDctMDdUMDc6MDQ6NDAuMzI0KzAwOjAwIiwiQ3JlYXRvciI6IuadqOWogSIsIklzRW5hYmxlIjp0cnVlLCJFbnRlcnByaXNlSWQiOiI1ZGVkOTBiYS00NDZjLTRjM2YtOTU0My05ZGQyNzNlYTRiYjIiLCJEZXBhcnRtZW50SWQiOiI4Y2YxZWIxNC01ZDg1LTQyNWYtYjgwMi1lZjliMDllYzc0NjIiLCJEZXBhcnRtZW50TmFtZSI6IueglOWPkemDqCIsIlJvbGVzIjpbIjZkOWJlZGI2LTIwMjgtNDYzZS05Yzc1LTI5YTYyOTE4ODU3OSIsImY1MTYyYjMyLWIwODMtNDJjYi1hNTU5LTJjMjk3MmI2YjM3YSJdLCJSb2xlc05hbWUiOlsiY2VzICIsIueuoeeQhuWRmCJdLCJQZXJtaXNzaW9ucyI6W10sIkRhdGFQZXJtaXNzaW9ucyI6W10sIk1lbnVzIjpbXSwiQWNjb3VudFR5cGUiOjIsImVmZmVjdGl2ZWRhdGUiOlsiMjAyMC0wOC0xN1QxNDo0ODowOS45MzYrMDA6MDAiLCIyMTIwLTA4LTE3VDE0OjQ4OjA5LjkzNiswMDowMCJdfX0.j8iIwHZCTyd88I6_DkFq8lX9xjz_bny0ie9j22VoIN4'}
2020-09-09 16:08:54,804 - sendRequest - INFO : 请求方式为：POST
请求地址为：https://admin.a.onein.cn/apps/v1/account/sign/direct?{"code":"121aecccfa2f469199e5d87c34fc30b9"}"}
请求参数为：
2020-09-09 16:08:54,807 - sendRequest - ERROR : [/apps/v1/account/sign/direct]请求：系统异常，原因：unexpected EOF while parsing (<unknown>, line 0)
2020-09-09 16:08:54,807 - sendRequest - ERROR : 发生错误，'NoneType' object has no attribute 'json'
2020-09-09 16:08:54,811 - TestBase - INFO : 测试用例[ 4.0创建普通应用 ]开始执行
2020-09-09 16:08:54,812 - readConfig - INFO : 打开文件:D:\PychramProject\ONEIN\config\config.ini成功！
2020-09-09 16:08:54,820 - sendRequest - INFO : 请求头信息保持不变，目前请求头信息为：{'Accept': 'application/json, text/plain, */*', 'Accept-Encoding': 'gzip, deflate, br', 'Content-Type': 'application/json', 'User-Agent': 'Mozilla/5.0 (Windows NT 10.0; Win64; x64) AppleWebKit/537.36 (KHTML, like Gecko) Chrome/84.0.4147.135 Safari/537.36 '}
2020-09-09 16:08:54,821 - sendRequest - INFO : 请求方式为：POST
请求地址为：https://operation-api.a.onein.cn/api/clientlogin?
请求参数为：{"userName":"18627598991","password":"123456","rememberMe":False,"returnUrl":""}
2020-09-09 16:08:55,008 - readConfig - INFO : 打开文件:D:\PychramProject\ONEIN\config\config.ini成功！
2020-09-09 16:08:55,008 - sendRequest - INFO : 请求头信息更新，目前请求头信息为：{'Accept': 'application/json, text/plain, */*', 'Accept-Encoding': 'gzip, deflate, br', 'Content-Type': 'application/json', 'User-Agent': 'Mozilla/5.0 (Windows NT 10.0; Win64; x64) AppleWebKit/537.36 (KHTML, like Gecko) Chrome/84.0.4147.135 Safari/537.36 ', 'authorization': 'Bearer eyJ0eXAiOiJKV1QiLCJhbGciOiJIUzI1NiJ9.eyJleHAiOjE1OTk2NDI1MzUsImRhdGEiOnsiSWQiOiIyYmViYTBiZi00NWM1LTQyNDAtOTQ1ZS0wZGEwNzA0M2Y5OTkiLCJVc2VyTmFtZSI6IjE4NjI3NTk4OTkxIiwiRW1haWwiOm51bGwsIk5hbWUiOiLlkajllK_mnbAiLCJQaG9uZU51bWJlciI6IjE4NjI3NTk4OTkxIiwiQ3JlYXRlVGltZSI6IjIwMjAtMDctMDdUMDc6MDQ6NDAuMzI0KzAwOjAwIiwiQ3JlYXRvciI6IuadqOWogSIsIklzRW5hYmxlIjp0cnVlLCJFbnRlcnByaXNlSWQiOiI1ZGVkOTBiYS00NDZjLTRjM2YtOTU0My05ZGQyNzNlYTRiYjIiLCJEZXBhcnRtZW50SWQiOiI4Y2YxZWIxNC01ZDg1LTQyNWYtYjgwMi1lZjliMDllYzc0NjIiLCJEZXBhcnRtZW50TmFtZSI6IueglOWPkemDqCIsIlJvbGVzIjpbIjZkOWJlZGI2LTIwMjgtNDYzZS05Yzc1LTI5YTYyOTE4ODU3OSIsImY1MTYyYjMyLWIwODMtNDJjYi1hNTU5LTJjMjk3MmI2YjM3YSJdLCJSb2xlc05hbWUiOlsiY2VzICIsIueuoeeQhuWRmCJdLCJQZXJtaXNzaW9ucyI6W10sIkRhdGFQZXJtaXNzaW9ucyI6W10sIk1lbnVzIjpbXSwiQWNjb3VudFR5cGUiOjIsImVmZmVjdGl2ZWRhdGUiOlsiMjAyMC0wOC0xN1QxNDo0ODowOS45MzYrMDA6MDAiLCIyMTIwLTA4LTE3VDE0OjQ4OjA5LjkzNiswMDowMCJdfX0.esq17sGgyUc7_EkXuArSwpSbkrKd25t-KDXYtlon6wA'}
2020-09-09 16:08:55,010 - sendRequest - INFO : 请求方式为：POST
请求地址为：https://operation-api.a.onein.cn/operation/createappbytemplate?
请求参数为：{"IsEmptyApp":True,"AppLabel":"自动化测试1599638935","AppName":"autotest1599638935","TemplateCode":"","PhoneNumber":"18627598991"}
2020-09-09 16:08:55,882 - TestBase - INFO : 测试用例[  ]开始执行
2020-09-09 16:08:55,885 - readConfig - INFO : 打开文件:D:\PychramProject\ONEIN\config\config.ini成功！
